Sent INIT (Device=1, seq=1)
Starting test for intervals [1, 5, 30] (60s each)...

--- Running 1s interval for 60 seconds ---
Sent DATA seq=2, interval=1s, readings=['24.0', '44.9', '3.9']
Sent DATA seq=3, interval=1s, readings=['23.8', '45.1', '3.7', '2.8', '9.32']
Sent DATA seq=4, interval=1s, readings=['24.2', '3.8']
Sent DATA seq=5, interval=1s, readings=['23.5', '45.2', '3.8', '7.2']
Sent DATA seq=6, interval=1s, readings=['24.0', '44.9', '3.9']
Sent DATA seq=7, interval=1s, readings=['23.8', '45.1', '3.7', '2.8', '9.32']
Sent DATA seq=8, interval=1s, readings=['24.2', '3.8']
Sent DATA seq=9, interval=1s, readings=['23.5', '45.2', '3.8', '7.2']
Sent DATA seq=10, interval=1s, readings=['24.0', '44.9', '3.9']
Sent DATA seq=11, interval=1s, readings=['23.8', '45.1', '3.7', '2.8', '9.32']
Sent HEARTBEAT (Device=1, seq=12)
Sent DATA seq=13, interval=1s, readings=['23.5', '45.2', '3.8', '7.2']
Sent DATA seq=14, interval=1s, readings=['24.0', '44.9', '3.9']
Sent DATA seq=15, interval=1s, readings=['23.8', '45.1', '3.7', '2.8', '9.32']
Sent DATA seq=16, interval=1s, readings=['24.2', '3.8']
Sent DATA seq=17, interval=1s, readings=['23.5', '45.2', '3.8', '7.2']
Sent DATA seq=18, interval=1s, readings=['24.0', '44.9', '3.9']
Sent DATA seq=19, interval=1s, readings=['23.8', '45.1', '3.7', '2.8', '9.32']
Sent DATA seq=20, interval=1s, readings=['24.2', '3.8']
Sent DATA seq=21, interval=1s, readings=['23.5', '45.2', '3.8', '7.2']
Sent DATA seq=22, interval=1s, readings=['24.0', '44.9', '3.9']
Sent HEARTBEAT (Device=1, seq=23)
Sent DATA seq=24, interval=1s, readings=['24.2', '3.8']
Sent DATA seq=25, interval=1s, readings=['23.5', '45.2', '3.8', '7.2']
Sent DATA seq=26, interval=1s, readings=['24.0', '44.9', '3.9']
Sent DATA seq=27, interval=1s, readings=['23.8', '45.1', '3.7', '2.8', '9.32']
Sent DATA seq=28, interval=1s, readings=['24.2', '3.8']
Sent DATA seq=29, interval=1s, readings=['23.5', '45.2', '3.8', '7.2']
Sent DATA seq=30, interval=1s, readings=['24.0', '44.9', '3.9']
Sent DATA seq=31, interval=1s, readings=['23.8', '45.1', '3.7', '2.8', '9.32']
Sent DATA seq=32, interval=1s, readings=['24.2', '3.8']
Sent DATA seq=33, interval=1s, readings=['23.5', '45.2', '3.8', '7.2']
Sent HEARTBEAT (Device=1, seq=34)
Sent DATA seq=35, interval=1s, readings=['23.8', '45.1', '3.7', '2.8', '9.32']
Sent DATA seq=36, interval=1s, readings=['24.2', '3.8']
Sent DATA seq=37, interval=1s, readings=['23.5', '45.2', '3.8', '7.2']
Sent DATA seq=38, interval=1s, readings=['24.0', '44.9', '3.9']
Sent DATA seq=39, interval=1s, readings=['23.8', '45.1', '3.7', '2.8', '9.32']
Sent DATA seq=40, interval=1s, readings=['24.2', '3.8']
Sent DATA seq=41, interval=1s, readings=['23.5', '45.2', '3.8', '7.2']
Sent DATA seq=42, interval=1s, readings=['24.0', '44.9', '3.9']
Sent DATA seq=43, interval=1s, readings=['23.8', '45.1', '3.7', '2.8', '9.32']
Sent DATA seq=44, interval=1s, readings=['24.2', '3.8']
Sent HEARTBEAT (Device=1, seq=45)
Sent DATA seq=46, interval=1s, readings=['24.0', '44.9', '3.9']
Sent DATA seq=47, interval=1s, readings=['23.8', '45.1', '3.7', '2.8', '9.32']
Sent DATA seq=48, interval=1s, readings=['24.2', '3.8']
Sent DATA seq=49, interval=1s, readings=['23.5', '45.2', '3.8', '7.2']
Sent DATA seq=50, interval=1s, readings=['24.0', '44.9', '3.9']
Sent DATA seq=51, interval=1s, readings=['23.8', '45.1', '3.7', '2.8', '9.32']
Sent DATA seq=52, interval=1s, readings=['24.2', '3.8']
Sent DATA seq=53, interval=1s, readings=['23.5', '45.2', '3.8', '7.2']
Sent DATA seq=54, interval=1s, readings=['24.0', '44.9', '3.9']
Sent DATA seq=55, interval=1s, readings=['23.8', '45.1', '3.7', '2.8', '9.32']
Sent HEARTBEAT (Device=1, seq=56)
Sent DATA seq=57, interval=1s, readings=['23.5', '45.2', '3.8', '7.2']
Sent DATA seq=58, interval=1s, readings=['24.0', '44.9', '3.9']
Sent DATA seq=59, interval=1s, readings=['23.8', '45.1', '3.7', '2.8', '9.32']
Sent DATA seq=60, interval=1s, readings=['24.2', '3.8']
Sent DATA seq=61, interval=1s, readings=['23.5', '45.2', '3.8', '7.2']
Sent DATA seq=62, interval=1s, readings=['24.0', '44.9', '3.9']
Sent DATA seq=63, interval=1s, readings=['23.8', '45.1', '3.7', '2.8', '9.32']
Sent DATA seq=64, interval=1s, readings=['24.2', '3.8']

--- Running 5s interval for 60 seconds ---
Sent DATA seq=65, interval=5s, readings=['23.5', '45.2', '3.8', '7.2']
Sent HEARTBEAT (Device=1, seq=66)
Sent DATA seq=67, interval=5s, readings=['23.8', '45.1', '3.7', '2.8', '9.32']
Sent DATA seq=68, interval=5s, readings=['24.2', '3.8']
Sent HEARTBEAT (Device=1, seq=69)
Sent DATA seq=70, interval=5s, readings=['24.0', '44.9', '3.9']
Sent DATA seq=71, interval=5s, readings=['23.8', '45.1', '3.7', '2.8', '9.32']
Sent HEARTBEAT (Device=1, seq=72)
Sent DATA seq=73, interval=5s, readings=['23.5', '45.2', '3.8', '7.2']
Sent DATA seq=74, interval=5s, readings=['24.0', '44.9', '3.9']
Sent HEARTBEAT (Device=1, seq=75)
Sent DATA seq=76, interval=5s, readings=['24.2', '3.8']

 [!] Received NACK for Device 1, seqs: [75]
 [>>] Retransmitting seq=75
Sent DATA seq=77, interval=5s, readings=['23.5', '45.2', '3.8', '7.2']
Sent HEARTBEAT (Device=1, seq=78)
Sent DATA seq=79, interval=5s, readings=['23.8', '45.1', '3.7', '2.8', '9.32']
Sent DATA seq=80, interval=5s, readings=['24.2', '3.8']
Sent HEARTBEAT (Device=1, seq=81)
Sent DATA seq=82, interval=5s, readings=['24.0', '44.9', '3.9']

--- Running 30s interval for 60 seconds ---
Sent DATA seq=83, interval=30s, readings=['23.8', '45.1', '3.7', '2.8', '9.32']
Sent HEARTBEAT (Device=1, seq=84)
Sent HEARTBEAT (Device=1, seq=85)
Sent HEARTBEAT (Device=1, seq=86)
Traceback (most recent call last):
  File "/mnt/d/Abdelrahman ENG ASU/Semester 7/Networks/TinyTelemetry/udpclnt.py", line 142, in <module>
    time.sleep(interval)
KeyboardInterrupt
