UDP Server running on port 12000 (max 200 bytes)
Appending to existing CSV: logs/iot_device_data.csv
 -> INIT message from Device 1
 Data saved (seq=2)
 -> DATA received (seq=2)
 Data saved (seq=3)
 -> DATA received (seq=3)
 Data saved (seq=4)
 -> DATA received (seq=4)
 Data saved (seq=5)
 -> DATA received (seq=5)
 Data saved (seq=6)
 -> DATA received (seq=6)
 Data saved (seq=7)
 -> DATA received (seq=7)
 Data saved (seq=8)
 -> DATA received (seq=8)
 Data saved (seq=9)
 -> DATA received (seq=9)
 Data saved (seq=10)
 -> DATA received (seq=10)
 Data saved (seq=11)
 -> DATA received (seq=11)
 -> HEARTBEAT from Device 1
 Data saved (seq=13)
 -> DATA received (seq=13)
 Data saved (seq=14)
 -> DATA received (seq=14)
 Data saved (seq=15)
 -> DATA received (seq=15)
 Data saved (seq=16)
 -> DATA received (seq=16)
 Data saved (seq=17)
 -> DATA received (seq=17)
 Data saved (seq=18)
 -> DATA received (seq=18)
 Data saved (seq=19)
 -> DATA received (seq=19)
 Data saved (seq=20)
 -> DATA received (seq=20)
 Data saved (seq=21)
 -> DATA received (seq=21)
 Data saved (seq=22)
 -> DATA received (seq=22)
 -> HEARTBEAT from Device 1
 Data saved (seq=24)
 -> DATA received (seq=24)
 Data saved (seq=25)
 -> DATA received (seq=25)
 Data saved (seq=26)
 -> DATA received (seq=26)
 Data saved (seq=27)
 -> DATA received (seq=27)
 Data saved (seq=28)
 -> DATA received (seq=28)
 Data saved (seq=29)
 -> DATA received (seq=29)
 Data saved (seq=30)
 -> DATA received (seq=30)
 Data saved (seq=31)
 -> DATA received (seq=31)
 Data saved (seq=32)
 -> DATA received (seq=32)
 Data saved (seq=33)
 -> DATA received (seq=33)
 -> HEARTBEAT from Device 1
 Data saved (seq=35)
 -> DATA received (seq=35)
 Data saved (seq=36)
 -> DATA received (seq=36)
 Data saved (seq=37)
 -> DATA received (seq=37)
 Data saved (seq=38)
 -> DATA received (seq=38)
 Data saved (seq=39)
 -> DATA received (seq=39)
 Data saved (seq=40)
 -> DATA received (seq=40)
 Data saved (seq=41)
 -> DATA received (seq=41)
 [D] Duplicate detected: 1. Content ignored.
 -> INIT message from Device 1
 Error writing/rewriting to CSV: [Errno 13] Permission denied: 'logs/iot_device_data.csv'
 -> DATA received (seq=2)
