UDP Server running on port 12002 (max 200 bytes)
Created CSV with header: logs/iot_device_data.csv
NACK Scheduler Thread started.
 -> INIT message from Device 1 (unit=fahrenheit)
 [~] Scheduled NACK for ID:1, seq: 2 at T + 0.1s
 -> DATA received (ID:1, seq=3) with GAP.
 [<<] Sent NACK request for ID:1, seq: 2
 [+] Recovered packet ID:1, seq:2 (was missing).
 -> DATA received (ID:1, seq=2)
 -> DATA received (ID:1, seq=4)
 -> DATA received (ID:1, seq=5)
 -> DATA received (ID:1, seq=6)
 -> DATA received (ID:1, seq=7)
 -> DATA received (ID:1, seq=8)
 -> DATA received (ID:1, seq=9)
 -> DATA received (ID:1, seq=10)
 -> DATA received (ID:1, seq=11)
 -> DATA received (ID:1, seq=12)
Heartbeat Received
 -> HEARTBEAT from Device 1
