UDP Server running on port 12002 (max 200 bytes)
CSV initialized with headers (file: logs/iot_device_data.csv)
NACK Scheduler Thread started.
 [~] Scheduled NACK for ID:1, seq: 1 at T + 0.1s
 Data saved (ID:1, seq=2)
 -> DATA received (ID:1, seq=2) with GAP.
 [<<] Sent NACK request for ID:1, seq: 1
 [+] Recovered packet ID:1, seq:1 (was missing).
 -> INIT message from Device 1 (unit=fahrenheit)
 Data saved (ID:1, seq=1)
 [D] Duplicate detected: ID:1, seq:1. Content ignored.
 -> INIT message from Device 1 (unit=fahrenheit)
 Data saved (ID:1, seq=1)
 Data saved (ID:1, seq=2)
 -> DATA received (ID:1, seq=2)
 Data saved (ID:1, seq=3)
 -> DATA received (ID:1, seq=3)
 Data saved (ID:1, seq=4)
 -> DATA received (ID:1, seq=4)
 Data saved (ID:1, seq=5)
 -> DATA received (ID:1, seq=5)
 Data saved (ID:1, seq=6)
 -> DATA received (ID:1, seq=6)
 Data saved (ID:1, seq=7)
 -> DATA received (ID:1, seq=7)
 Data saved (ID:1, seq=8)
 -> DATA received (ID:1, seq=8)
 Data saved (ID:1, seq=9)
 -> DATA received (ID:1, seq=9)
 Data saved (ID:1, seq=10)
 -> DATA received (ID:1, seq=10)
Heartbeat Received
 -> HEARTBEAT from Device 1
 Data saved (ID:1, seq=0)
 Data saved (ID:1, seq=11)
 -> DATA received (ID:1, seq=11)
 Data saved (ID:1, seq=12)
 -> DATA received (ID:1, seq=12)
Heartbeat Received
 -> HEARTBEAT from Device 1
 Data saved (ID:1, seq=0)
 Data saved (ID:1, seq=13)
 -> DATA received (ID:1, seq=13)
